0 info it worked if it ends with ok
1 verbose cli [ 'node', '/usr/local/bin/npm', 'install' ]
2 info using npm@1.4.28
3 info using node@v0.10.32
4 warn package.json dodgem@1.0.0 No description
5 warn package.json dodgem@1.0.0 No repository field.
6 warn package.json dodgem@1.0.0 No README data
7 verbose readDependencies using package.json deps
8 verbose install where, deps [ '/Users/marcoponds/Documents/Development/Javascript/wageWorkspace/dodgem/server',
8 verbose install   [ 'socket.io', 'underscore' ] ]
9 info preinstall dodgem@1.0.0
10 verbose readDependencies using package.json deps
11 verbose cache add [ 'socket.io@*', null ]
12 verbose cache add name=undefined spec="socket.io@*" args=["socket.io@*",null]
13 verbose parsed url { protocol: null,
13 verbose parsed url   slashes: null,
13 verbose parsed url   auth: null,
13 verbose parsed url   host: null,
13 verbose parsed url   port: null,
13 verbose parsed url   hostname: null,
13 verbose parsed url   hash: null,
13 verbose parsed url   search: null,
13 verbose parsed url   query: null,
13 verbose parsed url   pathname: 'socket.io@*',
13 verbose parsed url   path: 'socket.io@*',
13 verbose parsed url   href: 'socket.io@*' }
14 verbose cache add [ 'underscore@*', null ]
15 verbose cache add name=undefined spec="underscore@*" args=["underscore@*",null]
16 verbose parsed url { protocol: null,
16 verbose parsed url   slashes: null,
16 verbose parsed url   auth: null,
16 verbose parsed url   host: null,
16 verbose parsed url   port: null,
16 verbose parsed url   hostname: null,
16 verbose parsed url   hash: null,
16 verbose parsed url   search: null,
16 verbose parsed url   query: null,
16 verbose parsed url   pathname: 'underscore@*',
16 verbose parsed url   path: 'underscore@*',
16 verbose parsed url   href: 'underscore@*' }
17 verbose cache add name="socket.io" spec="*" args=["socket.io","*"]
18 verbose parsed url { protocol: null,
18 verbose parsed url   slashes: null,
18 verbose parsed url   auth: null,
18 verbose parsed url   host: null,
18 verbose parsed url   port: null,
18 verbose parsed url   hostname: null,
18 verbose parsed url   hash: null,
18 verbose parsed url   search: null,
18 verbose parsed url   query: null,
18 verbose parsed url   pathname: '*',
18 verbose parsed url   path: '*',
18 verbose parsed url   href: '*' }
19 verbose addNamed [ 'socket.io', '*' ]
20 verbose addNamed [ null, '*' ]
21 verbose cache add name="underscore" spec="*" args=["underscore","*"]
22 verbose parsed url { protocol: null,
22 verbose parsed url   slashes: null,
22 verbose parsed url   auth: null,
22 verbose parsed url   host: null,
22 verbose parsed url   port: null,
22 verbose parsed url   hostname: null,
22 verbose parsed url   hash: null,
22 verbose parsed url   search: null,
22 verbose parsed url   query: null,
22 verbose parsed url   pathname: '*',
22 verbose parsed url   path: '*',
22 verbose parsed url   href: '*' }
23 verbose addNamed [ 'underscore', '*' ]
24 verbose addNamed [ null, '*' ]
25 silly lockFile 141fbf03-socket-io socket.io@*
26 verbose lock socket.io@* /Users/marcoponds/.npm/141fbf03-socket-io.lock
27 silly lockFile 67e8a6a2-underscore underscore@*
28 verbose lock underscore@* /Users/marcoponds/.npm/67e8a6a2-underscore.lock
29 silly addNameRange { name: 'socket.io', range: '*', hasData: false }
30 silly addNameRange { name: 'underscore', range: '*', hasData: false }
31 verbose request where is /socket.io
32 verbose request registry https://registry.npmjs.org/
33 verbose request id db2968843c018f7d
34 verbose url raw /socket.io
35 verbose url resolving [ 'https://registry.npmjs.org/', './socket.io' ]
36 verbose url resolved https://registry.npmjs.org/socket.io
37 verbose request where is https://registry.npmjs.org/socket.io
38 info trying registry request attempt 1 at 17:19:38
39 verbose etag "7L1GKGVMBRXJF4ZDX15NGJND8"
40 http GET https://registry.npmjs.org/socket.io
41 verbose request where is /underscore
42 verbose request registry https://registry.npmjs.org/
43 verbose url raw /underscore
44 verbose url resolving [ 'https://registry.npmjs.org/', './underscore' ]
45 verbose url resolved https://registry.npmjs.org/underscore
46 verbose request where is https://registry.npmjs.org/underscore
47 info trying registry request attempt 1 at 17:19:38
48 verbose etag "5DNHFSPZ83J79IRI363KMPDSZ"
49 http GET https://registry.npmjs.org/underscore
50 http 200 https://registry.npmjs.org/underscore
51 silly registry.get cb [ 200,
51 silly registry.get   { server: 'CouchDB/1.5.0 (Erlang OTP/R16B03)',
51 silly registry.get     etag: '"5BTIWN3FAU0UZTGKUAIAJC9AF"',
51 silly registry.get     'content-type': 'application/json',
51 silly registry.get     'cache-control': 'max-age=60',
51 silly registry.get     'content-length': '40612',
51 silly registry.get     'accept-ranges': 'bytes',
51 silly registry.get     date: 'Fri, 15 May 2015 15:19:39 GMT',
51 silly registry.get     via: '1.1 varnish',
51 silly registry.get     age: '58',
51 silly registry.get     connection: 'keep-alive',
51 silly registry.get     'x-served-by': 'cache-fra1224-FRA',
51 silly registry.get     'x-cache': 'HIT',
51 silly registry.get     'x-cache-hits': '5',
51 silly registry.get     'x-timer': 'S1431703179.350721,VS0,VE0',
51 silly registry.get     vary: 'Accept' } ]
52 silly addNameRange number 2 { name: 'underscore', range: '*', hasData: true }
53 silly addNameRange versions [ 'underscore',
53 silly addNameRange   [ '1.0.3',
53 silly addNameRange     '1.0.4',
53 silly addNameRange     '1.1.0',
53 silly addNameRange     '1.1.1',
53 silly addNameRange     '1.1.2',
53 silly addNameRange     '1.1.3',
53 silly addNameRange     '1.1.4',
53 silly addNameRange     '1.1.5',
53 silly addNameRange     '1.1.6',
53 silly addNameRange     '1.1.7',
53 silly addNameRange     '1.2.0',
53 silly addNameRange     '1.2.1',
53 silly addNameRange     '1.2.2',
53 silly addNameRange     '1.2.3',
53 silly addNameRange     '1.2.4',
53 silly addNameRange     '1.3.0',
53 silly addNameRange     '1.3.1',
53 silly addNameRange     '1.3.2',
53 silly addNameRange     '1.3.3',
53 silly addNameRange     '1.4.0',
53 silly addNameRange     '1.4.1',
53 silly addNameRange     '1.4.2',
53 silly addNameRange     '1.4.3',
53 silly addNameRange     '1.4.4',
53 silly addNameRange     '1.5.0',
53 silly addNameRange     '1.5.1',
53 silly addNameRange     '1.5.2',
53 silly addNameRange     '1.6.0',
53 silly addNameRange     '1.7.0',
53 silly addNameRange     '1.8.0',
53 silly addNameRange     '1.8.1',
53 silly addNameRange     '1.8.2',
53 silly addNameRange     '1.8.3' ] ]
54 verbose addNamed [ 'underscore', '1.8.3' ]
55 verbose addNamed [ '1.8.3', '1.8.3' ]
56 silly lockFile e5e32fca-underscore-1-8-3 underscore@1.8.3
57 verbose lock underscore@1.8.3 /Users/marcoponds/.npm/e5e32fca-underscore-1-8-3.lock
58 silly lockFile d5ea30aa--underscore-underscore-1-8-3-tgz https://registry.npmjs.org/underscore/-/underscore-1.8.3.tgz
59 verbose lock https://registry.npmjs.org/underscore/-/underscore-1.8.3.tgz /Users/marcoponds/.npm/d5ea30aa--underscore-underscore-1-8-3-tgz.lock
60 verbose addRemoteTarball [ 'https://registry.npmjs.org/underscore/-/underscore-1.8.3.tgz',
60 verbose addRemoteTarball   '4f3fb53b106e6097fcf9cb4109f2a5e9bdfa5022' ]
61 info retry fetch attempt 1 at 17:19:39
62 verbose fetch to= /var/folders/26/vrtfwlw100x3bpcf58pp38g80000gn/T/npm-1184-SMkbtn-W/registry.npmjs.org/underscore/-/underscore-1.8.3.tgz
63 http GET https://registry.npmjs.org/underscore/-/underscore-1.8.3.tgz
64 http 200 https://registry.npmjs.org/socket.io
65 silly registry.get cb [ 200,
65 silly registry.get   { server: 'CouchDB/1.5.0 (Erlang OTP/R16B03)',
65 silly registry.get     etag: '"A086QI4YB7SASOT5ID56JCTZG"',
65 silly registry.get     'content-type': 'application/json',
65 silly registry.get     'cache-control': 'max-age=60',
65 silly registry.get     'content-length': '111404',
65 silly registry.get     'accept-ranges': 'bytes',
65 silly registry.get     date: 'Fri, 15 May 2015 15:19:39 GMT',
65 silly registry.get     via: '1.1 varnish',
65 silly registry.get     age: '44',
65 silly registry.get     connection: 'keep-alive',
65 silly registry.get     'x-served-by': 'cache-fra1240-FRA',
65 silly registry.get     'x-cache': 'HIT',
65 silly registry.get     'x-cache-hits': '1',
65 silly registry.get     'x-timer': 'S1431703179.364654,VS0,VE0',
65 silly registry.get     vary: 'Accept' } ]
66 silly addNameRange number 2 { name: 'socket.io', range: '*', hasData: true }
67 silly addNameRange versions [ 'socket.io',
67 silly addNameRange   [ '0.3.8',
67 silly addNameRange     '0.4.0',
67 silly addNameRange     '0.4.1',
67 silly addNameRange     '0.5.1',
67 silly addNameRange     '0.5.3',
67 silly addNameRange     '0.6.0',
67 silly addNameRange     '0.6.1',
67 silly addNameRange     '0.6.3',
67 silly addNameRange     '0.6.4',
67 silly addNameRange     '0.6.5',
67 silly addNameRange     '0.6.6',
67 silly addNameRange     '0.6.7',
67 silly addNameRange     '0.6.8',
67 silly addNameRange     '0.6.9',
67 silly addNameRange     '0.6.10',
67 silly addNameRange     '0.6.11',
67 silly addNameRange     '0.6.12',
67 silly addNameRange     '0.6.14',
67 silly addNameRange     '0.6.15',
67 silly addNameRange     '0.6.16',
67 silly addNameRange     '0.6.17',
67 silly addNameRange     '0.6.18',
67 silly addNameRange     '0.7.0',
67 silly addNameRange     '0.7.1',
67 silly addNameRange     '0.7.2',
67 silly addNameRange     '0.7.3',
67 silly addNameRange     '0.7.4',
67 silly addNameRange     '0.7.5',
67 silly addNameRange     '0.7.6',
67 silly addNameRange     '0.7.7',
67 silly addNameRange     '0.7.8',
67 silly addNameRange     '0.7.9',
67 silly addNameRange     '0.7.10',
67 silly addNameRange     '0.7.11',
67 silly addNameRange     '0.8.0',
67 silly addNameRange     '0.8.1',
67 silly addNameRange     '0.8.2',
67 silly addNameRange     '0.8.3',
67 silly addNameRange     '0.8.4',
67 silly addNameRange     '0.8.5',
67 silly addNameRange     '0.8.6',
67 silly addNameRange     '0.8.7',
67 silly addNameRange     '0.9.0',
67 silly addNameRange     '0.9.1',
67 silly addNameRange     '0.9.1-1',
67 silly addNameRange     '0.9.2',
67 silly addNameRange     '0.9.3',
67 silly addNameRange     '0.9.4',
67 silly addNameRange     '0.9.5',
67 silly addNameRange     '0.9.6',
67 silly addNameRange     '0.9.7',
67 silly addNameRange     '0.9.8',
67 silly addNameRange     '0.9.9',
67 silly addNameRange     '0.9.10',
67 silly addNameRange     '0.9.11',
67 silly addNameRange     '0.9.12',
67 silly addNameRange     '0.9.13',
67 silly addNameRange     '0.9.14',
67 silly addNameRange     '0.9.15',
67 silly addNameRange     '0.9.16',
67 silly addNameRange     '1.0.0-pre',
67 silly addNameRange     '1.0.0-pre2',
67 silly addNameRange     '1.0.0-pre3',
67 silly addNameRange     '1.0.0-pre4',
67 silly addNameRange     '1.0.0-pre5',
67 silly addNameRange     '0.9.17',
67 silly addNameRange     '1.0.0',
67 silly addNameRange     '1.0.1',
67 silly addNameRange     '1.0.2',
67 silly addNameRange     '1.0.3',
67 silly addNameRange     '1.0.4',
67 silly addNameRange     '1.0.5',
67 silly addNameRange     '1.0.6',
67 silly addNameRange     '1.1.0',
67 silly addNameRange     '1.2.0',
67 silly addNameRange     '1.2.1',
67 silly addNameRange     '1.3.0',
67 silly addNameRange     '1.3.1',
67 silly addNameRange     '1.3.2',
67 silly addNameRange     '1.3.3',
67 silly addNameRange     '1.3.4',
67 silly addNameRange     '1.3.5' ] ]
68 verbose addNamed [ 'socket.io', '1.3.5' ]
69 verbose addNamed [ '1.3.5', '1.3.5' ]
70 silly lockFile e27f34ff-socket-io-1-3-5 socket.io@1.3.5
71 verbose lock socket.io@1.3.5 /Users/marcoponds/.npm/e27f34ff-socket-io-1-3-5.lock
72 silly lockFile e6e9d1a3-rg-socket-io-socket-io-1-3-5-tgz https://registry.npmjs.org/socket.io/-/socket.io-1.3.5.tgz
73 verbose lock https://registry.npmjs.org/socket.io/-/socket.io-1.3.5.tgz /Users/marcoponds/.npm/e6e9d1a3-rg-socket-io-socket-io-1-3-5-tgz.lock
74 verbose addRemoteTarball [ 'https://registry.npmjs.org/socket.io/-/socket.io-1.3.5.tgz',
74 verbose addRemoteTarball   'bfd609f37626889e94df9d3526db79a84255f1d8' ]
75 info retry fetch attempt 1 at 17:19:39
76 verbose fetch to= /var/folders/26/vrtfwlw100x3bpcf58pp38g80000gn/T/npm-1184-SMkbtn-W/registry.npmjs.org/socket.io/-/socket.io-1.3.5.tgz
77 http GET https://registry.npmjs.org/socket.io/-/socket.io-1.3.5.tgz
78 http 200 https://registry.npmjs.org/underscore/-/underscore-1.8.3.tgz
79 silly lockFile d5ea30aa--underscore-underscore-1-8-3-tgz https://registry.npmjs.org/underscore/-/underscore-1.8.3.tgz
80 silly lockFile d5ea30aa--underscore-underscore-1-8-3-tgz https://registry.npmjs.org/underscore/-/underscore-1.8.3.tgz
81 silly lockFile e5e32fca-underscore-1-8-3 underscore@1.8.3
82 silly lockFile e5e32fca-underscore-1-8-3 underscore@1.8.3
83 silly lockFile 67e8a6a2-underscore underscore@*
84 silly lockFile 67e8a6a2-underscore underscore@*
85 http 200 https://registry.npmjs.org/socket.io/-/socket.io-1.3.5.tgz
86 silly lockFile e6e9d1a3-rg-socket-io-socket-io-1-3-5-tgz https://registry.npmjs.org/socket.io/-/socket.io-1.3.5.tgz
87 silly lockFile e6e9d1a3-rg-socket-io-socket-io-1-3-5-tgz https://registry.npmjs.org/socket.io/-/socket.io-1.3.5.tgz
88 silly lockFile e27f34ff-socket-io-1-3-5 socket.io@1.3.5
89 silly lockFile e27f34ff-socket-io-1-3-5 socket.io@1.3.5
90 silly lockFile 141fbf03-socket-io socket.io@*
91 silly lockFile 141fbf03-socket-io socket.io@*
92 error Error: EACCES, mkdir '/Users/marcoponds/.npm/underscore/1.8.3'
92 error  { [Error: EACCES, mkdir '/Users/marcoponds/.npm/underscore/1.8.3']
92 error   errno: 3,
92 error   code: 'EACCES',
92 error   path: '/Users/marcoponds/.npm/underscore/1.8.3',
92 error   parent: 'dodgem' }
93 error Please try running this command again as root/Administrator.
94 error System Darwin 14.3.0
95 error command "node" "/usr/local/bin/npm" "install"
96 error cwd /Users/marcoponds/Documents/Development/Javascript/wageWorkspace/dodgem/server
97 error node -v v0.10.32
98 error npm -v 1.4.28
99 error path /Users/marcoponds/.npm/underscore/1.8.3
100 error code EACCES
101 error errno 3
102 error stack Error: EACCES, mkdir '/Users/marcoponds/.npm/underscore/1.8.3'
103 verbose exit [ 3, true ]
